2025-09-18 17:43:59,752 - main - INFO - 🚀 Starting FastNext Framework...
2025-09-18 17:43:59,840 - main - INFO - ✅ Database initialized
2025-09-18 17:44:33,683 - main - INFO - 🛑 Shutting down FastNext Framework...
2025-09-18 17:44:35,620 - main - INFO - 🚀 Starting FastNext Framework...
2025-09-18 17:44:35,701 - main - INFO - ✅ Database initialized
2025-09-18 17:44:39,644 - app.services.user_service - INFO - User authenticated successfully: demo@fastnext.com (ID: 2)
2025-09-18 17:44:39,646 - app.api.routes.auth_routes - INFO - Successful login: demo from IP: 127.0.0.1
2025-09-18 17:46:27,566 - app.api.routes.auth_routes - INFO - User logout: demo from IP: 127.0.0.1
2025-09-18 17:46:48,982 - app.services.user_service - INFO - User authenticated successfully: demo@fastnext.com (ID: 2)
2025-09-18 17:46:48,982 - app.api.routes.auth_routes - INFO - Successful login: demo from IP: 127.0.0.1
2025-09-18 17:49:25,901 - main - INFO - 🛑 Shutting down FastNext Framework...
2025-09-19 04:57:48,068 - __main__ - INFO - Starting FastNext Framework on 0.0.0.0:8000
2025-09-19 04:57:49,181 - main - INFO - 🚀 Starting FastNext Framework...
2025-09-19 04:57:49,329 - watchfiles.main - INFO - 1 change detected
2025-09-19 04:57:49,383 - main - INFO - ✅ Database initialized   
2025-09-19 09:05:42,430 - __main__ - INFO - Starting FastNext Framework on 0.0.0.0:8000
2025-09-19 09:05:43,576 - main - INFO - 🚀 Starting FastNext Framework...
2025-09-19 09:05:43,753 - main - INFO - ✅ Database initialized
2025-09-19 09:05:43,838 - watchfiles.main - INFO - 1 change detected
2025-09-19 09:07:30,148 - main - INFO - 🛑 Shutting down FastNext Framework...
2025-09-19 09:07:36,510 - main - INFO - 🚀 Starting FastNext Framework...
2025-09-19 09:07:36,624 - main - INFO - ✅ Database initialized
2025-09-19 09:07:42,240 - main - INFO - 🛑 Shutting down FastNext Framework...
2025-09-19 09:09:42,989 - __main__ - INFO - Starting FastNext Framework on 0.0.0.0:8000
2025-09-19 09:09:44,601 - main - INFO - 🚀 Starting FastNext Framework...
2025-09-19 09:09:44,748 - main - INFO - ✅ Database initialized
2025-09-19 09:09:44,817 - watchfiles.main - INFO - 1 change detected
2025-09-19 09:12:07,268 - main - ERROR - Unexpected error on GET /api/v1/auth/me: (psycopg2.OperationalError) SSL SYSCALL error: EOF detected

[SQL: SELECT users.id AS users_id, users.email AS users_email, users.username AS users_username, users.full_name AS users_full_name, users.hashed_password AS users_hashed_password, users.is_active AS users_is_active, users.is_verified AS users_is_verified, users.is_superuser AS users_is_superuser, users.failed_login_attempts AS users_failed_login_attempts, users.locked_until AS users_locked_until, users.password_changed_at AS users_password_changed_at, users.last_login_at AS users_last_login_at, users.created_at AS users_created_at, users.updated_at AS users_updated_at, users.avatar_url AS users_avatar_url, users.bio AS users_bio, users.location AS users_location, users.website AS users_website 
FROM users 
WHERE users.id = %(id_1)s 
 LIMIT %(param_1)s]
[parameters: {'id_1': 2, 'param_1': 1}]
(Background on this error at: https://sqlalche.me/e/20/e3q8)
2025-09-19 09:12:07,269 - security - CRITICAL - Security Event: POTENTIAL_ATTACK | User: None | IP: 127.0.0.1 | Endpoint: /api/v1/auth/me
2025-09-19 09:12:07,347 - watchfiles.main - INFO - 2 changes detected
2025-09-19 09:12:39,636 - app.services.user_service - INFO - User authenticated successfully: demo@fastnext.com (ID: 2)
2025-09-19 09:12:39,637 - app.api.routes.auth_routes - INFO - Successful login: demo from IP: 127.0.0.1
2025-09-19 09:12:39,836 - watchfiles.main - INFO - 1 change detected
2025-09-19 09:16:33,893 - watchfiles.main - INFO - 2 changes detected
2025-09-19 09:16:34,068 - main - INFO - 🛑 Shutting down FastNext Framework...
2025-09-19 09:16:34,435 - watchfiles.main - INFO - 1 change detected
2025-09-19 09:16:37,139 - main - INFO - 🚀 Starting FastNext Framework...
2025-09-19 09:16:37,405 - main - INFO - ✅ Database initialized
2025-09-19 09:16:37,448 - watchfiles.main - INFO - 1 change detected
2025-09-19 09:16:44,132 - watchfiles.main - INFO - 2 changes detected
2025-09-19 09:16:44,236 - main - INFO - 🛑 Shutting down FastNext Framework...
2025-09-19 09:16:44,599 - watchfiles.main - INFO - 1 change detected
2025-09-19 09:16:46,465 - main - INFO - 🚀 Starting FastNext Framework...
2025-09-19 09:16:46,732 - main - INFO - ✅ Database initialized
2025-09-19 09:16:46,806 - watchfiles.main - INFO - 1 change detected
2025-09-19 09:16:58,873 - watchfiles.main - INFO - 2 changes detected
2025-09-19 09:16:59,049 - main - INFO - 🛑 Shutting down FastNext Framework...
2025-09-19 09:16:59,427 - watchfiles.main - INFO - 1 change detected
2025-09-19 09:17:01,438 - main - INFO - 🚀 Starting FastNext Framework...
2025-09-19 09:17:01,633 - main - INFO - ✅ Database initialized
2025-09-19 09:17:01,635 - watchfiles.main - INFO - 1 change detected
2025-09-19 09:17:08,367 - watchfiles.main - INFO - 2 changes detected
2025-09-19 09:17:08,567 - main - INFO - 🛑 Shutting down FastNext Framework...
2025-09-19 09:17:08,939 - watchfiles.main - INFO - 1 change detected
2025-09-19 09:17:10,293 - watchfiles.main - INFO - 3 changes detected
2025-09-19 09:17:10,695 - watchfiles.main - INFO - 1 change detected
2025-09-19 09:17:20,595 - watchfiles.main - INFO - 2 changes detected
2025-09-19 09:17:20,998 - watchfiles.main - INFO - 1 change detected
2025-09-19 09:17:33,174 - watchfiles.main - INFO - 2 changes detected
2025-09-19 09:17:33,633 - watchfiles.main - INFO - 1 change detected
2025-09-19 09:17:50,207 - watchfiles.main - INFO - 2 changes detected
2025-09-19 09:17:50,560 - watchfiles.main - INFO - 1 change detected
2025-09-19 09:18:06,758 - watchfiles.main - INFO - 2 changes detected
2025-09-19 09:18:07,110 - watchfiles.main - INFO - 1 change detected
2025-09-19 09:18:07,462 - watchfiles.main - INFO - 1 change detected
2025-09-19 09:18:54,448 - watchfiles.main - INFO - 2 changes detected
2025-09-19 09:18:54,801 - watchfiles.main - INFO - 1 change detected
2025-09-19 09:19:19,856 - watchfiles.main - INFO - 2 changes detected
2025-09-19 09:19:20,313 - watchfiles.main - INFO - 1 change detected
2025-09-19 09:19:20,714 - watchfiles.main - INFO - 1 change detected
2025-09-19 09:19:40,457 - watchfiles.main - INFO - 2 changes detected
2025-09-19 09:19:40,914 - watchfiles.main - INFO - 1 change detected
2025-09-19 09:20:33,095 - watchfiles.main - INFO - 2 changes detected
2025-09-19 09:20:33,552 - watchfiles.main - INFO - 1 change detected
2025-09-19 09:21:28,302 - watchfiles.main - INFO - 2 changes detected
2025-09-19 09:21:28,707 - watchfiles.main - INFO - 1 change detected
2025-09-19 09:22:27,828 - watchfiles.main - INFO - 2 changes detected
2025-09-19 09:22:28,182 - watchfiles.main - INFO - 1 change detected
2025-09-19 09:22:28,583 - watchfiles.main - INFO - 1 change detected
2025-09-19 09:22:39,544 - watchfiles.main - INFO - 2 changes detected
2025-09-19 09:22:40,001 - watchfiles.main - INFO - 1 change detected
2025-09-19 09:22:41,206 - watchfiles.main - INFO - 2 changes detected
2025-09-19 09:22:41,607 - watchfiles.main - INFO - 1 change detected
2025-09-19 09:22:51,061 - watchfiles.main - INFO - 2 changes detected
2025-09-19 09:22:51,412 - watchfiles.main - INFO - 1 change detected
2025-09-19 09:46:58,638 - __main__ - INFO - Starting FastNext Framework on 0.0.0.0:8000
2025-09-19 09:46:59,757 - main - INFO - 🚀 Starting FastNext Framework...
2025-09-19 09:46:59,837 - main - INFO - ✅ Database initialized
2025-09-19 09:46:59,987 - watchfiles.main - INFO - 1 change detected
2025-09-19 09:47:06,855 - app.services.user_service - INFO - User authenticated successfully: demo@fastnext.com (ID: 2)
2025-09-19 09:47:06,857 - app.api.routes.auth_routes - INFO - Successful login: demo from IP: 127.0.0.1
2025-09-19 09:47:07,208 - watchfiles.main - INFO - 1 change detected
2025-09-19 09:47:07,559 - watchfiles.main - INFO - 1 change detected
2025-09-19 09:47:09,350 - app.services.user_service - INFO - User authenticated successfully: demo@fastnext.com (ID: 2)
2025-09-19 09:47:09,350 - app.api.routes.auth_routes - INFO - Successful login: demo from IP: 127.0.0.1
2025-09-19 09:47:09,565 - watchfiles.main - INFO - 1 change detected
2025-09-19 09:48:11,577 - app.api.routes.auth_routes - INFO - User logout: demo from IP: 127.0.0.1
2025-09-19 09:48:11,648 - watchfiles.main - INFO - 1 change detected
2025-09-19 09:48:36,451 - app.services.user_service - INFO - User authenticated successfully: demo@fastnext.com (ID: 2)
2025-09-19 09:48:36,451 - app.api.routes.auth_routes - INFO - Successful login: demo from IP: 127.0.0.1
2025-09-19 09:48:36,546 - watchfiles.main - INFO - 1 change detected
